<?xml version="1.0" encoding="UTF-8"?>
<!-- Generated by org.testng.reporters.JUnitXMLReporter -->
<testsuite ignored="2" hostname="DESKTOP-QPFEMJR" failures="0" tests="6" name="Create a truck " time="5.999" errors="0" timestamp="2021-03-31T01:39:21 EDT">
  <testcase classname="testCases.LoginTest" name="loginAsWorker" time="1.027"/>
  <testcase classname="testCases.LoginTest" name="loginAsWorker" time="0.001">
    <skipped/>
  </testcase> <!-- loginAsWorker -->
  <testcase classname="testCases.LoginTest" name="loginAsWorker" time="0.006">
    <skipped/>
  </testcase> <!-- loginAsWorker -->
  <testcase classname="testCases.LoginTest" name="loginAsWorker" time="0.005">
    <skipped/>
  </testcase> <!-- loginAsWorker -->
  <testcase classname="testCases.LoginTest" name="loginAsWorker" time="0.004">
    <skipped/>
  </testcase> <!-- loginAsWorker -->
  <testcase classname="testCases.CreateNewQuoteTest" name="CurtainTrackOnly" time="4.476"/>
  <testcase classname="base.TestBase" name="@BeforeSuite setUP" time="0.0">
    <ignored/>
  </testcase> <!-- @BeforeSuite setUP -->
  <testcase classname="base.TestBase" name="@AfterSuite tearDown" time="0.0">
    <ignored/>
  </testcase> <!-- @AfterSuite tearDown -->
</testsuite> <!-- Create a truck  -->
