<?xml version="1.0" encoding="UTF-8"?>
<!-- Generated by org.testng.reporters.JUnitXMLReporter -->
<testsuite ignored="2" hostname="DESKTOP-QPFEMJR" failures="0" tests="6" name="Create a truck " time="5.646" errors="0" timestamp="2021-04-01T00:20:26 EDT">
  <testcase classname="testCases.LoginTest" name="loginAsWorker" time="0.671"/>
  <testcase classname="testCases.LoginTest" name="loginAsWorker" time="0.002">
    <skipped/>
  </testcase> <!-- loginAsWorker -->
  <testcase classname="testCases.LoginTest" name="loginAsWorker" time="0.001">
    <skipped/>
  </testcase> <!-- loginAsWorker -->
  <testcase classname="testCases.LoginTest" name="loginAsWorker" time="0.006">
    <skipped/>
  </testcase> <!-- loginAsWorker -->
  <testcase classname="testCases.LoginTest" name="loginAsWorker" time="0.001">
    <skipped/>
  </testcase> <!-- loginAsWorker -->
  <testcase classname="testCases.CreateNewQuoteTest" name="CurtainTrackOnly" time="4.399"/>
  <testcase classname="base.TestBase" name="@BeforeSuite setUP" time="0.0">
    <ignored/>
  </testcase> <!-- @BeforeSuite setUP -->
  <testcase classname="base.TestBase" name="@AfterSuite tearDown" time="0.0">
    <ignored/>
  </testcase> <!-- @AfterSuite tearDown -->
</testsuite> <!-- Create a truck  -->
